<?xml version="1.0" encoding="UTF-8"?>
<!-- Generated by org.testng.reporters.JUnitReportReporter -->
<testsuite skipped="0" hostname="Rahul" name="com.YouTube.Test.LoginTest" tests="1" failures="0" timestamp="28 Nov 2017 14:27:50 GMT" time="121.696" errors="0">
  <testcase name="verifySearch" time="121.696" classname="com.YouTube.Test.LoginTest"/>
</testsuite> <!-- com.YouTube.Test.LoginTest -->
